<?xml version="1.0" encoding="UTF-8"?>
<testsuite name="UserTest" tests="4" skipped="0" failures="0" errors="0" timestamp="2023-10-31T18:45:36" hostname="LAPTOP-IBRVJ39F" time="0.02">
  <properties/>
  <testcase name="testCreateUserWithParam()" classname="UserTest" time="0.015"/>
  <testcase name="testSetInvalidEmail()" classname="UserTest" time="0.001"/>
  <testcase name="testSetInvalidLogin()" classname="UserTest" time="0.001"/>
  <testcase name="testCreateUserWithoutParam()" classname="UserTest" time="0.001"/>
  <system-out><![CDATA[]]></system-out>
  <system-err><![CDATA[]]></system-err>
</testsuite>
